[0mGET / [32m200[0m 157.869 ms - 4411[0m
[0mGET /favicon.ico [32m200[0m 7.947 ms - 2930[0m
[0mGET /user/sign-in [32m200[0m 6.330 ms - 3680[0m
[0mGET /favicon.ico [36m304[0m 5.831 ms - -[0m
[0mPOST /user/createSession [36m302[0m 16.208 ms - 70[0m
[0mGET /user/sign-in [32m200[0m 4.550 ms - 3882[0m
[0mGET /favicon.ico [36m304[0m 5.055 ms - -[0m
[0mPOST /user/createSession [36m302[0m 3.875 ms - 46[0m
[0mGET / [32m200[0m 93.069 ms - 74632[0m
[0mGET /favicon.ico [32m200[0m 2.695 ms - 2920[0m
[0mGET / [32m200[0m 62.202 ms - 74436[0m
[0mGET /favicon.ico [36m304[0m 1.914 ms - -[0m
[0mGET / [32m200[0m 95.931 ms - 4411[0m
[0mGET /favicon.ico [32m200[0m 3.782 ms - 2930[0m
[0mGET / [32m200[0m 65.412 ms - 4411[0m
[0mGET /favicon.ico [32m200[0m 4.807 ms - 2930[0m
[0mGET / [32m200[0m 54.216 ms - 4411[0m
[0mGET /favicon.ico [36m304[0m 6.655 ms - -[0m
[0mGET / [32m200[0m 86.018 ms - 74436[0m
[0mGET /favicon.ico [32m200[0m 2.890 ms - 2920[0m
[0mGET / [32m200[0m 154.426 ms - 4411[0m
[0mGET /favicon.ico [32m200[0m 8.158 ms - 2930[0m
[0mGET /auth/google [36m302[0m 3.133 ms - 0[0m
[0mGET / [36m304[0m 48.701 ms - -[0m
[0mGET /favicon.ico [36m304[0m 2.476 ms - -[0m
[0mGET /auth/google [36m302[0m 2.597 ms - 0[0m
[0mGET /auth/google/callback?code=4%2F0AbUR2VMjREpeu0-xeZFPn-vm6kCZWUiB9sj7UsN8fjHrxF_MvWXCbELIEJcynN4lneZ8KQ&scope=email+profile+https%3A%2F%2Fwww.googleapis.com%2Fauth%2Fuserinfo.profile+https%3A%2F%2Fwww.googleapis.com%2Fauth%2Fuserinfo.email+openid&authuser=0&prompt=consent [31m500[0m 570.679 ms - 1034[0m
[0mGET / [36m304[0m 85.041 ms - -[0m
[0mGET /favicon.ico [36m304[0m 3.917 ms - -[0m
[0mGET /auth/google [36m302[0m 2.166 ms - 0[0m
[0mGET /auth/google/callback?code=4%2F0AbUR2VN0dXpFtob39TOC9_3qIb0Xa1syJMYn0rUKW_-Cs0WpmUAeC3tBJspNZD7Yrr3mLQ&scope=email+profile+https%3A%2F%2Fwww.googleapis.com%2Fauth%2Fuserinfo.profile+https%3A%2F%2Fwww.googleapis.com%2Fauth%2Fuserinfo.email+openid&authuser=0&prompt=consent [36m302[0m 1363.889 ms - 46[0m
[0mGET / [32m200[0m 51.647 ms - 71499[0m
[0mGET /favicon.ico [32m200[0m 8.631 ms - 2928[0m
[0mGET / [32m200[0m 155.643 ms - 4411[0m
[0mGET /favicon.ico [32m200[0m 4.553 ms - 2930[0m
[0mGET /auth/google [36m302[0m 3.700 ms - 0[0m
[0mGET /favicon.ico [36m304[0m 6.464 ms - -[0m
[0mGET / [36m304[0m 59.856 ms - -[0m
[0mGET /favicon.ico [36m304[0m 8.179 ms - -[0m
[0mGET /auth/google [36m302[0m 2.522 ms - 0[0m
[0mGET /favicon.ico [36m304[0m 9.058 ms - -[0m
[0mGET / [36m304[0m 26.695 ms - -[0m
[0mGET /favicon.ico [36m304[0m 7.600 ms - -[0m
[0mGET / [36m304[0m 63.243 ms - -[0m
[0mGET /favicon.ico [36m304[0m 4.838 ms - -[0m
[0mGET /auth/google [36m302[0m 1.803 ms - 0[0m
[0mGET /favicon.ico [36m304[0m 16.736 ms - -[0m
[0mGET / [36m304[0m 52.828 ms - -[0m
[0mGET /favicon.ico [36m304[0m 2.860 ms - -[0m
[0mGET /auth/google [36m302[0m 1.835 ms - 0[0m
[0mGET /favicon.ico [36m304[0m 16.449 ms - -[0m
[0mGET / [36m304[0m 55.979 ms - -[0m
[0mGET /favicon.ico [36m304[0m 6.487 ms - -[0m
[0mGET /auth/google [36m302[0m 1.247 ms - 0[0m
[0mGET /favicon.ico [36m304[0m 14.643 ms - -[0m
[0mGET / [36m304[0m 56.956 ms - -[0m
[0mGET /favicon.ico [36m304[0m 2.783 ms - -[0m
[0mGET /auth/google [36m302[0m 1.405 ms - 0[0m
[0mGET /favicon.ico [36m304[0m 24.419 ms - -[0m
[0mGET / [36m304[0m 75.676 ms - -[0m
[0mGET /favicon.ico [36m304[0m 4.174 ms - -[0m
[0mGET /auth/google [36m302[0m 3.382 ms - 0[0m
[0mGET /favicon.ico [36m304[0m 7.081 ms - -[0m
[0mGET / [36m304[0m 50.988 ms - -[0m
[0mGET /favicon.ico [36m304[0m 2.878 ms - -[0m
